{
  "0 debug pnpm:scope": {
    "selected": 1,
    "workspacePrefix": "C:\\Users\\JF-PS\\Documents\\JF_PROJECT\\LASTEST\\poc-monorepo"
  },
  "1 info pnpm": {
    "err": {
      "name": "Error",
      "message": "not found: io",
      "code": "ENOENT",
      "stack": "Error: not found: io\n    at getNotFoundError (C:\\Users\\JF-PS\\AppData\\Roaming\\npm\\node_modules\\pnpm\\dist\\pnpm.cjs:41518:51)\n    at Function.whichSync [as sync] (C:\\Users\\JF-PS\\AppData\\Roaming\\npm\\node_modules\\pnpm\\dist\\pnpm.cjs:41595:13)\n    at getCommandAbsolutePathSync (C:\\Users\\JF-PS\\AppData\\Roaming\\npm\\node_modules\\pnpm\\dist\\pnpm.cjs:43160:44)\n    at default_1 (C:\\Users\\JF-PS\\AppData\\Roaming\\npm\\node_modules\\pnpm\\dist\\pnpm.cjs:43169:32)\n    at C:\\Users\\JF-PS\\AppData\\Roaming\\npm\\node_modules\\pnpm\\dist\\pnpm.cjs:171190:39"
    }
  },
  "2 error pnpm": {
    "code": "ERR_PNPM_RECURSIVE_EXEC_FIRST_FAIL",
    "prefix": "C:\\Users\\JF-PS\\Documents\\JF_PROJECT\\LASTEST\\poc-monorepo",
    "err": {
      "name": "pnpm",
      "message": "not found: io",
      "code": "ERR_PNPM_RECURSIVE_EXEC_FIRST_FAIL",
      "stack": "Error: not found: io\n    at getNotFoundError (C:\\Users\\JF-PS\\AppData\\Roaming\\npm\\node_modules\\pnpm\\dist\\pnpm.cjs:41518:51)\n    at Function.whichSync [as sync] (C:\\Users\\JF-PS\\AppData\\Roaming\\npm\\node_modules\\pnpm\\dist\\pnpm.cjs:41595:13)\n    at getCommandAbsolutePathSync (C:\\Users\\JF-PS\\AppData\\Roaming\\npm\\node_modules\\pnpm\\dist\\pnpm.cjs:43160:44)\n    at default_1 (C:\\Users\\JF-PS\\AppData\\Roaming\\npm\\node_modules\\pnpm\\dist\\pnpm.cjs:43169:32)\n    at C:\\Users\\JF-PS\\AppData\\Roaming\\npm\\node_modules\\pnpm\\dist\\pnpm.cjs:171190:39"
    }
  }
}